<?xml version="1.0" encoding="UTF-8"?>
<!-- Generated by org.testng.reporters.JUnitReportReporter -->
<testsuite hostname="Kishan" failures="0" tests="3" name="computers.TC_DWS_008_Test" time="22.463" errors="0" timestamp="2024-11-13T11:27:14 IST" skipped="0">
  <testcase classname="computers.TC_DWS_008_Test" name="clickOnComputers" time="7.978"/>
  <system-out/>
  <testcase classname="computers.TC_DWS_008_Test" name="clickOnComputers" time="6.606"/>
  <system-out/>
  <testcase classname="computers.TC_DWS_008_Test" name="clickOnComputers" time="7.879"/>
  <system-out/>
</testsuite> <!-- computers.TC_DWS_008_Test -->
