<?xml version="1.0" encoding="UTF-8"?>
<!-- Generated by org.testng.reporters.JUnitReportReporter -->
<testsuite hostname="Kishan" failures="0" tests="3" name="giftCard.TC_DWS_007_Test" time="23.890" errors="0" timestamp="2024-11-13T11:27:14 IST" skipped="0">
  <testcase classname="giftCard.TC_DWS_007_Test" name="clickOnGiftCard" time="8.903"/>
  <system-out/>
  <testcase classname="giftCard.TC_DWS_007_Test" name="clickOnGiftCard" time="6.982"/>
  <system-out/>
  <testcase classname="giftCard.TC_DWS_007_Test" name="clickOnGiftCard" time="8.005"/>
  <system-out/>
</testsuite> <!-- giftCard.TC_DWS_007_Test -->
